<?xml version="1.0" encoding="UTF-8"?>
<testng-results skipped="0" failed="0" ignored="0" total="1" passed="1">
  <reporter-output>
  </reporter-output>
  <suite name="TestSuite" duration-ms="10825" started-at="2020-03-08T02:14:09Z" finished-at="2020-03-08T02:14:20Z">
    <groups>
    </groups>
    <test name="PurchaseProductsTest" duration-ms="10825" started-at="2020-03-08T02:14:09Z" finished-at="2020-03-08T02:14:20Z">
      <class name="com.testautomation.UIAutomation.test.PurchaseProductsTest">
        <test-method status="PASS" signature="setup()[pri:0, instance:com.testautomation.UIAutomation.test.PurchaseProductsTest@4a87761d]" name="setup" is-config="true" duration-ms="6539" started-at="2020-03-08T02:14:09Z" finished-at="2020-03-08T02:14:16Z">
          <reporter-output>
          </reporter-output>
        </test-method> <!-- setup -->
        <test-method status="PASS" signature="StartTest(java.lang.reflect.Method, [Ljava.lang.Object;)[pri:0, instance:com.testautomation.UIAutomation.test.PurchaseProductsTest@4a87761d]" name="StartTest" is-config="true" duration-ms="1" started-at="2020-03-08T02:14:16Z" finished-at="2020-03-08T02:14:16Z">
          <params>
            <param index="0">
              <value>
                <![CDATA[public void com.testautomation.UIAutomation.test.PurchaseProductsTest.BuyAllTshirtsTest()]]>
              </value>
            </param>
            <param index="1">
              <value>
                <![CDATA[[Ljava.lang.Object;@a23a01d]]>
              </value>
            </param>
          </params>
          <reporter-output>
          </reporter-output>
        </test-method> <!-- StartTest -->
        <test-method status="PASS" signature="BuyAllTshirtsTest()[pri:0, instance:com.testautomation.UIAutomation.test.PurchaseProductsTest@4a87761d]" name="BuyAllTshirtsTest" duration-ms="3128" started-at="2020-03-08T02:14:16Z" finished-at="2020-03-08T02:14:19Z">
          <reporter-output>
          </reporter-output>
        </test-method> <!-- BuyAllTshirtsTest -->
        <test-method status="PASS" signature="StopTest(org.testng.ITestResult, [Ljava.lang.Object;)[pri:0, instance:com.testautomation.UIAutomation.test.PurchaseProductsTest@4a87761d]" name="StopTest" is-config="true" duration-ms="378" started-at="2020-03-08T02:14:19Z" finished-at="2020-03-08T02:14:19Z">
          <params>
            <param index="0">
              <value>
                <![CDATA[[TestResult name=BuyAllTshirtsTest status=SUCCESS method=PurchaseProductsTest.BuyAllTshirtsTest()[pri:0, instance:com.testautomation.UIAutomation.test.PurchaseProductsTest@4a87761d] output={null}]]]>
              </value>
            </param>
            <param index="1">
              <value>
                <![CDATA[[Ljava.lang.Object;@a23a01d]]>
              </value>
            </param>
          </params>
          <reporter-output>
          </reporter-output>
        </test-method> <!-- StopTest -->
        <test-method status="PASS" signature="tearDown()[pri:0, instance:com.testautomation.UIAutomation.test.PurchaseProductsTest@4a87761d]" name="tearDown" is-config="true" duration-ms="759" started-at="2020-03-08T02:14:19Z" finished-at="2020-03-08T02:14:20Z">
          <reporter-output>
          </reporter-output>
        </test-method> <!-- tearDown -->
      </class> <!-- com.testautomation.UIAutomation.test.PurchaseProductsTest -->
    </test> <!-- PurchaseProductsTest -->
  </suite> <!-- TestSuite -->
</testng-results>
